<?xml version="1.0" encoding="UTF-8"?>
<testng-results total="1" passed="1" failed="0" skipped="0">
  <reporter-output>
  </reporter-output>
  <suite started-at="2024-08-28T21:41:54Z" name="Surefire suite" finished-at="2024-08-28T21:41:54Z" duration-ms="60">
    <groups>
    </groups>
    <test started-at="2024-08-28T21:41:54Z" name="Surefire test" finished-at="2024-08-28T21:41:54Z" duration-ms="60">
      <class name="test.com.itexps.CalculatorTest">
        <test-method is-config="true" signature="setUpClass()[pri:0, instance:test.com.itexps.CalculatorTest@57f23557]" started-at="2024-08-28T16:41:54Z" name="setUpClass" finished-at="2024-08-28T16:41:54Z" duration-ms="21" status="PASS">
          <reporter-output>
          </reporter-output>
        </test-method> <!-- setUpClass -->
        <test-method is-config="true" signature="setUpMethod()[pri:0, instance:test.com.itexps.CalculatorTest@57f23557]" started-at="2024-08-28T16:41:54Z" name="setUpMethod" finished-at="2024-08-28T16:41:54Z" duration-ms="7" status="PASS">
          <reporter-output>
          </reporter-output>
        </test-method> <!-- setUpMethod -->
        <test-method signature="TestAdd()[pri:0, instance:test.com.itexps.CalculatorTest@57f23557]" started-at="2024-08-28T16:41:54Z" name="TestAdd" finished-at="2024-08-28T16:41:54Z" duration-ms="8" status="PASS">
          <reporter-output>
          </reporter-output>
        </test-method> <!-- TestAdd -->
        <test-method is-config="true" signature="tearDownMethod()[pri:0, instance:test.com.itexps.CalculatorTest@57f23557]" started-at="2024-08-28T16:41:54Z" name="tearDownMethod" finished-at="2024-08-28T16:41:54Z" duration-ms="1" status="PASS">
          <reporter-output>
          </reporter-output>
        </test-method> <!-- tearDownMethod -->
        <test-method is-config="true" signature="tearDownClass()[pri:0, instance:test.com.itexps.CalculatorTest@57f23557]" started-at="2024-08-28T16:41:54Z" name="tearDownClass" finished-at="2024-08-28T16:41:54Z" duration-ms="0" status="PASS">
          <reporter-output>
          </reporter-output>
        </test-method> <!-- tearDownClass -->
      </class> <!-- test.com.itexps.CalculatorTest -->
    </test> <!-- Surefire test -->
  </suite> <!-- Surefire suite -->
</testng-results>
